<?xml version="1.0" encoding="UTF-8"?>
<!-- Generated by org.testng.reporters.JUnitReportReporter -->
<testsuite skipped="0" hostname="DESKTOP-ESAT5E6" name="sample.My2Test" tests="2" failures="0" timestamp="2022-08-27T16:43:49 IST" time="6.711" errors="0">
  <testcase name="flipkartlogin" time="2.636" classname="sample.My2Test"/>
  <system-out/>
  <testcase name="ogibibologin" time="4.075" classname="sample.My2Test"/>
  <system-out/>
</testsuite> <!-- sample.My2Test -->
