<?xml version="1.0" encoding="UTF-8"?>
<!-- Generated by org.testng.reporters.JUnitReportReporter -->
<testsuite skipped="0" hostname="DESKTOP-ESAT5E6" name="sample.MyTest" tests="2" failures="0" timestamp="2022-08-27T16:43:49 IST" time="5.175" errors="0">
  <testcase name="facebooklogin" time="1.205" classname="sample.MyTest"/>
  <system-out/>
  <testcase name="makemytriplogin" time="3.970" classname="sample.MyTest"/>
  <system-out/>
</testsuite> <!-- sample.MyTest -->
